#
# There is insufficient memory for the Java Runtime Environment to continue.
# Native memory allocation (malloc) failed to allocate 46944 bytes for Chunk::new
# Possible reasons:
#   The system is out of physical RAM or swap space
#   In 32 bit mode, the process size limit was hit
# Possible solutions:
#   Reduce memory load on the system
#   Increase physical memory or swap space
#   Check if swap backing store is full
#   Use 64 bit Java on a 64 bit OS
#   Decrease Java heap size (-Xmx/-Xms)
#   Decrease number of Java threads
#   Decrease Java thread stack sizes (-Xss)
#   Set larger code cache with -XX:ReservedCodeCacheSize=
# This output file may be truncated or incomplete.
#
#  Out of Memory Error (allocation.cpp:390), pid=6616, tid=0x0000000000002090
#
# JRE version: Java(TM) SE Runtime Environment (8.0_121-b13) (build 1.8.0_121-b13)
# Java VM: Java HotSpot(TM) 64-Bit Server VM (25.121-b13 mixed mode windows-amd64 compressed oops)
# Failed to write core dump. Minidumps are not enabled by default on client versions of Windows
#

---------------  T H R E A D  ---------------

Current thread (0x0000000014fca800):  JavaThread "C2 CompilerThread0" daemon [_thread_in_native, id=8336, stack(0x0000000016020000,0x0000000016120000)]

Stack: [0x0000000016020000,0x0000000016120000]
[error occurred during error reporting (printing stack bounds), id 0xc0000005]

Native frames: (J=compiled Java code, j=interpreted, Vv=VM code, C=native code)


Current CompileTask:
C2:6923255  523 % !   4       sun.java2d.d3d.D3DScreenUpdateManager::run @ 0 (267 bytes)


---------------  P R O C E S S  ---------------

Java Threads: ( => current thread )
  0x000000001935e800 JavaThread "D3D Screen Updater" daemon [_thread_blocked, id=10276, stack(0x000000001a140000,0x000000001a240000)]
  0x0000000002e00800 JavaThread "DestroyJavaVM" [_thread_blocked, id=5584, stack(0x0000000002cf0000,0x0000000002df0000)]
  0x000000001692e000 JavaThread "AWT-EventQueue-0" [_thread_blocked, id=10196, stack(0x00000000190d0000,0x00000000191d0000)]
  0x0000000016902800 JavaThread "AWT-Windows" daemon [_thread_in_native, id=2108, stack(0x0000000016b70000,0x0000000016c70000)]
  0x0000000016901800 JavaThread "AWT-Shutdown" [_thread_blocked, id=9804, stack(0x0000000016a70000,0x0000000016b70000)]
  0x00000000168ff800 JavaThread "Java2D Disposer" daemon [_thread_blocked, id=8896, stack(0x0000000016970000,0x0000000016a70000)]
  0x000000001502a800 JavaThread "Service Thread" daemon [_thread_blocked, id=7084, stack(0x0000000016220000,0x0000000016320000)]
  0x0000000015025800 JavaThread "C1 CompilerThread1" daemon [_thread_blocked, id=2656, stack(0x0000000016120000,0x0000000016220000)]
=>0x0000000014fca800 JavaThread "C2 CompilerThread0" daemon [_thread_in_native, id=8336, stack(0x0000000016020000,0x0000000016120000)]
  0x0000000014fc9800 JavaThread "Attach Listener" daemon [_thread_blocked, id=7556, stack(0x0000000015f20000,0x0000000016020000)]
  0x0000000014fc6000 JavaThread "Signal Dispatcher" daemon [_thread_blocked, id=4392, stack(0x0000000015e20000,0x0000000015f20000)]
  0x0000000002ef5800 JavaThread "Finalizer" daemon [_thread_blocked, id=6952, stack(0x0000000015c10000,0x0000000015d10000)]
  0x0000000002eec800 JavaThread "Reference Handler" daemon [_thread_blocked, id=4272, stack(0x0000000015b10000,0x0000000015c10000)]

Other Threads:
  0x0000000014f96000 VMThread [stack: 0x0000000015a10000,0x0000000015b10000] [id=3036]
  0x0000000015031800 WatcherThread [stack: 0x0000000016470000,0x0000000016570000] [id=7508]

VM state:not at safepoint (normal execution)

VM Mutex/Monitor currently owned by a thread: None

Heap:
 PSYoungGen      total 17408K, used 7901K [0x00000000ecd00000, 0x00000000ee000000, 0x0000000100000000)
  eden space 15360K, 51% used [0x00000000ecd00000,0x00000000ed4b7570,0x00000000edc00000)
  from space 2048K, 0% used [0x00000000ede00000,0x00000000ede00000,0x00000000ee000000)
  to   space 2048K, 0% used [0x00000000edc00000,0x00000000edc00000,0x00000000ede00000)
 ParOldGen       total 39936K, used 0K [0x00000000c6600000, 0x00000000c8d00000, 0x00000000ecd00000)
  object space 39936K, 0% used [0x00000000c6600000,0x00000000c6600000,0x00000000c8d00000)
 Metaspace       used 10156K, capacity 10342K, committed 10624K, reserved 1058816K
  class space    used 1285K, capacity 1355K, committed 1408K, reserved 1048576K

Card table byte_map: [0x00000000122c0000,0x0000000012490000] byte_map_base: 0x0000000011c8d000

Marking Bits: (ParMarkBitMap*) 0x000000005ed2b6d0
 Begin Bits: [0x00000000127d0000, 0x0000000013638000)
 End Bits:   [0x0000000013638000, 0x00000000144a0000)

Polling page: 0x0000000001110000

CodeCache: size=245760Kb used=2232Kb max_used=2238Kb free=243527Kb
 bounds [0x0000000002f00000, 0x0000000003170000, 0x0000000011f00000]
 total_blobs=1008 nmethods=522 adapters=400
 compilation: enabled

Compilation events (10 events):
Event: 4962.199 Thread 0x0000000015025800  518       3       java.util.concurrent.ConcurrentHashMap::casTabAt (20 bytes)
Event: 4962.200 Thread 0x0000000015025800 nmethod 518 0x0000000003122cd0 code [0x0000000003122e20, 0x0000000003122f90]
Event: 4962.200 Thread 0x0000000014fca800 nmethod 517 0x0000000003122ad0 code [0x0000000003122c00, 0x0000000003122c78]
Event: 4964.092 Thread 0x0000000015025800  520       3       java.util.Arrays::copyOfRange (11 bytes)
Event: 4964.093 Thread 0x0000000015025800 nmethod 520 0x0000000003122690 code [0x0000000003122800, 0x0000000003122a08]
Event: 4964.093 Thread 0x0000000015025800  521       3       jdk.internal.org.objectweb.asm.Item::<init> (5 bytes)
Event: 4964.094 Thread 0x0000000015025800 nmethod 521 0x0000000003124150 code [0x00000000031242a0, 0x0000000003124450]
Event: 4965.333 Thread 0x0000000015025800  522       3       java.beans.PropertyChangeSupport::firePropertyChange (35 bytes)
Event: 4965.337 Thread 0x0000000015025800 nmethod 522 0x0000000003123610 code [0x00000000031237c0, 0x0000000003123e68]
Event: 6919.745 Thread 0x0000000014fca800  523 % !   4       sun.java2d.d3d.D3DScreenUpdateManager::run @ 0 (267 bytes)

GC Heap History (0 events):
No events

Deoptimization events (0 events):
No events

Internal exceptions (10 events):
Event: 0.305 Thread 0x0000000002e00800 Exception <a 'java/lang/NoSuchMethodError': Method sun.misc.Unsafe.prefetchRead(Ljava/lang/Object;J)V name or signature does not match> (0x00000000ecd07f90) thrown at [C:\re\workspace\8-2-build-windows-amd64-cygwin\jdk8u121\8372\hotspot\src\share\vm\prims
Event: 0.617 Thread 0x0000000002e00800 Exception <a 'java/io/FileNotFoundException'> (0x00000000ecd590f8) thrown at [C:\re\workspace\8-2-build-windows-amd64-cygwin\jdk8u121\8372\hotspot\src\share\vm\prims\jni.cpp, line 709]
Event: 0.799 Thread 0x0000000002e00800 Exception <a 'java/security/PrivilegedActionException'> (0x00000000ecd8baf8) thrown at [C:\re\workspace\8-2-build-windows-amd64-cygwin\jdk8u121\8372\hotspot\src\share\vm\prims\jvm.cpp, line 1390]
Event: 0.799 Thread 0x0000000002e00800 Exception <a 'java/security/PrivilegedActionException'> (0x00000000ecd8bd08) thrown at [C:\re\workspace\8-2-build-windows-amd64-cygwin\jdk8u121\8372\hotspot\src\share\vm\prims\jvm.cpp, line 1390]
Event: 0.805 Thread 0x0000000002e00800 Exception <a 'java/security/PrivilegedActionException'> (0x00000000ecd8f978) thrown at [C:\re\workspace\8-2-build-windows-amd64-cygwin\jdk8u121\8372\hotspot\src\share\vm\prims\jvm.cpp, line 1390]
Event: 0.805 Thread 0x0000000002e00800 Exception <a 'java/security/PrivilegedActionException'> (0x00000000ecd8fb88) thrown at [C:\re\workspace\8-2-build-windows-amd64-cygwin\jdk8u121\8372\hotspot\src\share\vm\prims\jvm.cpp, line 1390]
Event: 0.838 Thread 0x0000000002e00800 Exception <a 'java/io/FileNotFoundException'> (0x00000000ecd975c0) thrown at [C:\re\workspace\8-2-build-windows-amd64-cygwin\jdk8u121\8372\hotspot\src\share\vm\prims\jni.cpp, line 709]
Event: 1.000 Thread 0x0000000002e00800 Exception <a 'java/lang/NoSuchFieldError': method resolution failed> (0x00000000eceb2c58) thrown at [C:\re\workspace\8-2-build-windows-amd64-cygwin\jdk8u121\8372\hotspot\src\share\vm\prims\methodHandles.cpp, line 1146]
Event: 1.029 Thread 0x0000000002e00800 Exception <a 'java/lang/NoSuchFieldError': method resolution failed> (0x00000000ecec0028) thrown at [C:\re\workspace\8-2-build-windows-amd64-cygwin\jdk8u121\8372\hotspot\src\share\vm\prims\methodHandles.cpp, line 1146]
Event: 1.199 Thread 0x0000000002e00800 Exception <a 'java/io/FileNotFoundException'> (0x00000000ecf55388) thrown at [C:\re\workspace\8-2-build-windows-amd64-cygwin\jdk8u121\8372\hotspot\src\share\vm\prims\jni.cpp, line 709]

Events (10 events):
Event: 2.358 loading class java/text/AttributedString$AttributedStringIterator done
Event: 4.135 loading class java/awt/LightweightDispatcher$2
Event: 4.136 loading class java/awt/LightweightDispatcher$2 done
Event: 4.656 Executing VM operation: EnableBiasedLocking
Event: 4.657 Executing VM operation: EnableBiasedLocking done
Event: 6.252 loading class java/awt/KeyboardFocusManager$2
Event: 6.252 loading class java/awt/KeyboardFocusManager$2 done
Event: 6.253 loading class sun/awt/SunToolkit$1
Event: 6.253 loading class sun/awt/SunToolkit$1 done
Event: 6.852 Thread 0x0000000016935800 Thread exited: 0x0000000016935800


Dynamic libraries:
0x00007ff7ed080000 - 0x00007ff7ed0b7000 	C:\Program Files\Java\jre1.8.0_121\bin\javaw.exe
0x00007ffbcc960000 - 0x00007ffbccb31000 	C:\WINDOWS\SYSTEM32\ntdll.dll
0x00007ffbcc0a0000 - 0x00007ffbcc14b000 	C:\WINDOWS\System32\KERNEL32.DLL
0x00007ffbc9a60000 - 0x00007ffbc9c7d000 	C:\WINDOWS\System32\KERNELBASE.dll
0x00007ffbcbd50000 - 0x00007ffbcbdf2000 	C:\WINDOWS\System32\ADVAPI32.dll
0x00007ffbcbfa0000 - 0x00007ffbcc03e000 	C:\WINDOWS\System32\msvcrt.dll
0x00007ffbc9f80000 - 0x00007ffbc9fd9000 	C:\WINDOWS\System32\sechost.dll
0x00007ffbcbb80000 - 0x00007ffbcbca1000 	C:\WINDOWS\System32\RPCRT4.dll
0x00007ffbcc7f0000 - 0x00007ffbcc955000 	C:\WINDOWS\System32\USER32.dll
0x00007ffbc9530000 - 0x00007ffbc954e000 	C:\WINDOWS\System32\win32u.dll
0x00007ffbca330000 - 0x00007ffbca364000 	C:\WINDOWS\System32\GDI32.dll
0x00007ffbc98d0000 - 0x00007ffbc9a52000 	C:\WINDOWS\System32\gdi32full.dll
0x00007ffbc0f10000 - 0x00007ffbc118a000 	C:\WINDOWS\WinSxS\amd64_microsoft.windows.common-controls_6595b64144ccf1df_6.0.14393.953_none_42151e83c686086b\COMCTL32.dll
0x00007ffbc9ff0000 - 0x00007ffbca2b8000 	C:\WINDOWS\System32\combase.dll
0x00007ffbc95c0000 - 0x00007ffbc96b5000 	C:\WINDOWS\System32\ucrtbase.dll
0x00007ffbc9550000 - 0x00007ffbc95ba000 	C:\WINDOWS\System32\bcryptPrimitives.dll
0x00007ffbc9f50000 - 0x00007ffbc9f7e000 	C:\WINDOWS\System32\IMM32.DLL
0x000000005ef10000 - 0x000000005efe2000 	C:\Program Files\Java\jre1.8.0_121\bin\msvcr100.dll
0x000000005e510000 - 0x000000005edab000 	C:\Program Files\Java\jre1.8.0_121\bin\server\jvm.dll
0x00007ffbca320000 - 0x00007ffbca328000 	C:\WINDOWS\System32\PSAPI.DLL
0x00007ffbc07e0000 - 0x00007ffbc07e9000 	C:\WINDOWS\SYSTEM32\WSOCK32.dll
0x00007ffbcc150000 - 0x00007ffbcc1ba000 	C:\WINDOWS\System32\WS2_32.dll
0x00007ffbc7210000 - 0x00007ffbc7233000 	C:\WINDOWS\SYSTEM32\WINMM.dll
0x00007ffbc51e0000 - 0x00007ffbc51ea000 	C:\WINDOWS\SYSTEM32\VERSION.dll
0x00007ffbc71e0000 - 0x00007ffbc720b000 	C:\WINDOWS\SYSTEM32\WINMMBASE.dll
0x00007ffbc9720000 - 0x00007ffbc9762000 	C:\WINDOWS\System32\cfgmgr32.dll
0x000000005f0e0000 - 0x000000005f0ef000 	C:\Program Files\Java\jre1.8.0_121\bin\verify.dll
0x000000005e4e0000 - 0x000000005e509000 	C:\Program Files\Java\jre1.8.0_121\bin\java.dll
0x000000005f0c0000 - 0x000000005f0d6000 	C:\Program Files\Java\jre1.8.0_121\bin\zip.dll
0x00007ffbca5d0000 - 0x00007ffbcbad9000 	C:\WINDOWS\System32\SHELL32.dll
0x00007ffbc8e50000 - 0x00007ffbc952a000 	C:\WINDOWS\System32\windows.storage.dll
0x00007ffbc8de0000 - 0x00007ffbc8e2c000 	C:\WINDOWS\System32\powrprof.dll
0x00007ffbc9ef0000 - 0x00007ffbc9f42000 	C:\WINDOWS\System32\shlwapi.dll
0x00007ffbc8e30000 - 0x00007ffbc8e3f000 	C:\WINDOWS\System32\kernel.appcore.dll
0x00007ffbc9820000 - 0x00007ffbc98c9000 	C:\WINDOWS\System32\shcore.dll
0x00007ffbc8dc0000 - 0x00007ffbc8dd4000 	C:\WINDOWS\System32\profapi.dll
0x000000005e300000 - 0x000000005e498000 	C:\Program Files\Java\jre1.8.0_121\bin\awt.dll
0x00007ffbcc730000 - 0x00007ffbcc7ef000 	C:\WINDOWS\System32\OLEAUT32.dll
0x00007ffbc9c80000 - 0x00007ffbc9d1c000 	C:\WINDOWS\System32\msvcp_win.dll
0x00007ffbc7360000 - 0x00007ffbc73da000 	C:\WINDOWS\SYSTEM32\apphelp.dll
0x00007ffbc7150000 - 0x00007ffbc7176000 	C:\WINDOWS\system32\DWMAPI.DLL
0x00007ffbc7540000 - 0x00007ffbc75d5000 	C:\WINDOWS\system32\uxtheme.dll
0x00007ffbaa640000 - 0x00007ffbaa763000 	C:\WINDOWS\system32\opengl32.dll
0x00007ffbac100000 - 0x00007ffbac1f7000 	C:\WINDOWS\SYSTEM32\DDRAW.dll
0x00007ffbc3990000 - 0x00007ffbc39bd000 	C:\WINDOWS\SYSTEM32\GLU32.dll
0x00007ffbc7350000 - 0x00007ffbc7358000 	C:\WINDOWS\SYSTEM32\DCIMAN32.dll
0x00007ffbca470000 - 0x00007ffbca5ca000 	C:\WINDOWS\System32\MSCTF.dll
0x00007ffbcc1c0000 - 0x00007ffbcc2f7000 	C:\WINDOWS\System32\ole32.dll
0x00007ffba96c0000 - 0x00007ffba984d000 	C:\WINDOWS\system32\d3d9.dll
0x00007ffbc51f0000 - 0x00007ffbc5357000 	C:\WINDOWS\SYSTEM32\aticfx64.dll
0x00007ffbc28e0000 - 0x00007ffbc2901000 	C:\WINDOWS\SYSTEM32\atiu9p64.dll
0x00007ffba3930000 - 0x00007ffba4189000 	C:\WINDOWS\SYSTEM32\atiumd64.dll
0x000000005da70000 - 0x000000005e2f8000 	C:\WINDOWS\SYSTEM32\atiumd6a.dll
0x000000005eec0000 - 0x000000005ef07000 	C:\Program Files\Java\jre1.8.0_121\bin\fontmanager.dll
0x000000005e4c0000 - 0x000000005e4da000 	C:\Program Files\Java\jre1.8.0_121\bin\net.dll
0x00007ffbc8690000 - 0x00007ffbc86ec000 	C:\WINDOWS\system32\mswsock.dll
0x000000005e4a0000 - 0x000000005e4b1000 	C:\Program Files\Java\jre1.8.0_121\bin\nio.dll
0x000000005ee70000 - 0x000000005eeb2000 	C:\Program Files\Java\jre1.8.0_121\bin\t2k.dll

VM Arguments:
jvm_args: -Dfile.encoding=Cp1252 
java_command: Test.TestFirstApp
java_class_path (initial): C:\Users\Mendez\Desktop\Programacion\Programacion II\Interfaz_Calculator\bin
Launcher Type: SUN_STANDARD

Environment Variables:
PATH=C:/Program Files/Java/jre1.8.0_121/bin/server;C:/Program Files/Java/jre1.8.0_121/bin;C:/Program Files/Java/jre1.8.0_121/lib/amd64;C:\ProgramData\Oracle\Java\javapath;C:\Program Files\Java\jdk1.8.0_73\bin;;C:\WINDOWS\system32;C:\WINDOWS;C:\WINDOWS\System32\Wbem;C:\WINDOWS\System32\WindowsPowerShell\v1.0\;C:\Program Files (x86)\ATI Technologies\ATI.ACE\Core-Static;C:\Users\Mendez\AppData\Local\Microsoft\WindowsApps;;C:\Users\Mendez\Desktop\eclipse;
USERNAME=Mendez
OS=Windows_NT
PROCESSOR_IDENTIFIER=AMD64 Family 20 Model 2 Stepping 0, AuthenticAMD



---------------  S Y S T E M  ---------------

OS: Windows 10.0 , 64 bit Build 14393 (10.0.14393.0)

CPU:total 2 (2 cores per cpu, 1 threads per core) family 20 model 2 stepping 0, cmov, cx8, fxsr, mmx, sse, sse2, sse3, ssse3, popcnt, mmxext, lzcnt, sse4a, tsc, tscinvbit, tscinv

Memory: 4k page, physical 3770636k(1004592k free), swap 15304972k(4668k free)

vm_info: Java HotSpot(TM) 64-Bit Server VM (25.121-b13) for windows-amd64 JRE (1.8.0_121-b13), built on Dec 12 2016 18:21:36 by "java_re" with MS VC++ 10.0 (VS2010)

time: Tue Mar 28 11:55:14 2017
elapsed time: 6920 seconds (0d 1h 55m 20s)

